# JRE version: Java(TM) SE Runtime Environment (8.0_51-b16) (build 1.8.0_51-b16)
# Java VM: Java HotSpot(TM) 64-Bit Server VM (25.51-b03 mixed mode linux-amd64 compressed oops)
Heap:
 PSYoungGen      total 441344K, used 0K [0x000000078bf80000, 0x00000007bec80000, 0x00000007c0000000)
  eden space 287744K, 0% used [0x000000078bf80000,0x000000078bf80000,0x000000079d880000)
  from space 153600K, 0% used [0x000000079d880000,0x000000079d880000,0x00000007a6e80000)
  to   space 272384K, 0% used [0x00000007ae280000,0x00000007ae280000,0x00000007bec80000)
 ParOldGen       total 357376K, used 338130K [0x0000000723e00000, 0x0000000739b00000, 0x000000078bf80000)
  object space 357376K, 94% used [0x0000000723e00000,0x0000000738834b68,0x0000000739b00000)
 Metaspace       used 43267K, capacity 44322K, committed 44672K, reserved 1089536K
  class space    used 4840K, capacity 5170K, committed 5248K, reserved 1048576K
GC Heap History (10 events):
Event: 53.545 GC heap after
Heap after GC invocations=32 (full 3):
 PSYoungGen      total 474624K, used 171882K [0x000000078bf80000, 0x00000007c0000000, 0x00000007c0000000)
  eden space 302592K, 0% used [0x000000078bf80000,0x000000078bf80000,0x000000079e700000)
  from space 172032K, 99% used [0x000000079e700000,0x00000007a8eda848,0x00000007a8f00000)
  to   space 279040K, 0% used [0x00000007aef80000,0x00000007aef80000,0x00000007c0000000)
 ParOldGen       total 357376K, used 287777K [0x0000000723e00000, 0x0000000739b00000, 0x000000078bf80000)
  object space 357376K, 80% used [0x0000000723e00000,0x00000007357084d0,0x0000000739b00000)
 Metaspace       used 41945K, capacity 43032K, committed 43264K, reserved 1087488K
  class space    used 4738K, capacity 5070K, committed 5120K, reserved 1048576K
}
Event: 57.868 GC heap before
{Heap before GC invocations=33 (full 3):
 PSYoungGen      total 474624K, used 474474K [0x000000078bf80000, 0x00000007c0000000, 0x00000007c0000000)
  eden space 302592K, 100% used [0x000000078bf80000,0x000000079e700000,0x000000079e700000)
  from space 172032K, 99% used [0x000000079e700000,0x00000007a8eda848,0x00000007a8f00000)
  to   space 279040K, 0% used [0x00000007aef80000,0x00000007aef80000,0x00000007c0000000)
 ParOldGen       total 357376K, used 287777K [0x0000000723e00000, 0x0000000739b00000, 0x000000078bf80000)
  object space 357376K, 80% used [0x0000000723e00000,0x00000007357084d0,0x0000000739b00000)
 Metaspace       used 42831K, capacity 43946K, committed 44160K, reserved 1087488K
  class space    used 4810K, capacity 5143K, committed 5248K, reserved 1048576K
Event: 58.010 GC heap after
Heap after GC invocations=33 (full 3):
 PSYoungGen      total 566272K, used 176252K [0x000000078bf80000, 0x00000007c0000000, 0x00000007c0000000)
  eden space 287232K, 0% used [0x000000078bf80000,0x000000078bf80000,0x000000079d800000)
  from space 279040K, 63% used [0x00000007aef80000,0x00000007b9b9f060,0x00000007c0000000)
  to   space 282624K, 0% used [0x000000079d800000,0x000000079d800000,0x00000007aec00000)
 ParOldGen       total 357376K, used 287777K [0x0000000723e00000, 0x0000000739b00000, 0x000000078bf80000)
  object space 357376K, 80% used [0x0000000723e00000,0x00000007357084d0,0x0000000739b00000)
 Metaspace       used 42831K, capacity 43946K, committed 44160K, reserved 1087488K
  class space    used 4810K, capacity 5143K, committed 5248K, reserved 1048576K
}
Event: 59.047 GC heap before
{Heap before GC invocations=34 (full 3):
 PSYoungGen      total 566272K, used 463484K [0x000000078bf80000, 0x00000007c0000000, 0x00000007c0000000)
  eden space 287232K, 100% used [0x000000078bf80000,0x000000079d800000,0x000000079d800000)
  from space 279040K, 63% used [0x00000007aef80000,0x00000007b9b9f060,0x00000007c0000000)
  to   space 282624K, 0% used [0x000000079d800000,0x000000079d800000,0x00000007aec00000)
 ParOldGen       total 357376K, used 287777K [0x0000000723e00000, 0x0000000739b00000, 0x000000078bf80000)
  object space 357376K, 80% used [0x0000000723e00000,0x00000007357084d0,0x0000000739b00000)
 Metaspace       used 42851K, capacity 44010K, committed 44160K, reserved 1087488K
  class space    used 4810K, capacity 5143K, committed 5248K, reserved 1048576K
Event: 59.188 GC heap after
Heap after GC invocations=34 (full 3):
 PSYoungGen      total 468480K, used 181107K [0x000000078bf80000, 0x00000007c0000000, 0x00000007c0000000)
  eden space 287232K, 0% used [0x000000078bf80000,0x000000078bf80000,0x000000079d800000)
  from space 181248K, 99% used [0x000000079d800000,0x00000007a88dcca8,0x00000007a8900000)
  to   space 284160K, 0% used [0x00000007aea80000,0x00000007aea80000,0x00000007c0000000)
 ParOldGen       total 357376K, used 287785K [0x0000000723e00000, 0x0000000739b00000, 0x000000078bf80000)
  object space 357376K, 80% used [0x0000000723e00000,0x000000073570a4d0,0x0000000739b00000)
 Metaspace       used 42851K, capacity 44010K, committed 44160K, reserved 1087488K
  class space    used 4810K, capacity 5143K, committed 5248K, reserved 1048576K
}
Event: 60.010 GC heap before
{Heap before GC invocations=35 (full 3):
 PSYoungGen      total 468480K, used 468339K [0x000000078bf80000, 0x00000007c0000000, 0x00000007c0000000)
  eden space 287232K, 100% used [0x000000078bf80000,0x000000079d800000,0x000000079d800000)
  from space 181248K, 99% used [0x000000079d800000,0x00000007a88dcca8,0x00000007a8900000)
  to   space 284160K, 0% used [0x00000007aea80000,0x00000007aea80000,0x00000007c0000000)
 ParOldGen       total 357376K, used 287785K [0x0000000723e00000, 0x0000000739b00000, 0x000000078bf80000)
  object space 357376K, 80% used [0x0000000723e00000,0x000000073570a4d0,0x0000000739b00000)
 Metaspace       used 42851K, capacity 44010K, committed 44160K, reserved 1087488K
  class space    used 4810K, capacity 5143K, committed 5248K, reserved 1048576K
Event: 60.133 GC heap after
Heap after GC invocations=35 (full 3):
 PSYoungGen      total 571904K, used 159096K [0x000000078bf80000, 0x00000007c0000000, 0x00000007c0000000)
  eden space 287744K, 0% used [0x000000078bf80000,0x000000078bf80000,0x000000079d880000)
  from space 284160K, 55% used [0x00000007aea80000,0x00000007b85de090,0x00000007c0000000)
  to   space 280576K, 0% used [0x000000079d880000,0x000000079d880000,0x00000007aea80000)
 ParOldGen       total 357376K, used 310381K [0x0000000723e00000, 0x0000000739b00000, 0x000000078bf80000)
  object space 357376K, 86% used [0x0000000723e00000,0x0000000736d1b5e0,0x0000000739b00000)
 Metaspace       used 42851K, capacity 44010K, committed 44160K, reserved 1087488K
  class space    used 4810K, capacity 5143K, committed 5248K, reserved 1048576K
}
Event: 62.579 GC heap before
{Heap before GC invocations=36 (full 3):
 PSYoungGen      total 571904K, used 446840K [0x000000078bf80000, 0x00000007c0000000, 0x00000007c0000000)
  eden space 287744K, 100% used [0x000000078bf80000,0x000000079d880000,0x000000079d880000)
  from space 284160K, 55% used [0x00000007aea80000,0x00000007b85de090,0x00000007c0000000)
  to   space 280576K, 0% used [0x000000079d880000,0x000000079d880000,0x00000007aea80000)
 ParOldGen       total 357376K, used 310381K [0x0000000723e00000, 0x0000000739b00000, 0x000000078bf80000)
  object space 357376K, 86% used [0x0000000723e00000,0x0000000736d1b5e0,0x0000000739b00000)
 Metaspace       used 43307K, capacity 44368K, committed 44672K, reserved 1089536K
  class space    used 4845K, capacity 5176K, committed 5248K, reserved 1048576K
Event: 62.685 GC heap after
Heap after GC invocations=36 (full 3):
 PSYoungGen      total 441344K, used 153579K [0x000000078bf80000, 0x00000007bec80000, 0x00000007c0000000)
  eden space 287744K, 0% used [0x000000078bf80000,0x000000078bf80000,0x000000079d880000)
  from space 153600K, 99% used [0x000000079d880000,0x00000007a6e7ac68,0x00000007a6e80000)
  to   space 272384K, 0% used [0x00000007ae280000,0x00000007ae280000,0x00000007bec80000)
 ParOldGen       total 357376K, used 322404K [0x0000000723e00000, 0x0000000739b00000, 0x000000078bf80000)
  object space 357376K, 90% used [0x0000000723e00000,0x00000007378d93a0,0x0000000739b00000)
 Metaspace       used 43307K, capacity 44368K, committed 44672K, reserved 1089536K
  class space    used 4845K, capacity 5176K, committed 5248K, reserved 1048576K
}
Event: 62.686 GC heap before
{Heap before GC invocations=37 (full 4):
 PSYoungGen      total 441344K, used 153579K [0x000000078bf80000, 0x00000007bec80000, 0x00000007c0000000)
  eden space 287744K, 0% used [0x000000078bf80000,0x000000078bf80000,0x000000079d880000)
  from space 153600K, 99% used [0x000000079d880000,0x00000007a6e7ac68,0x00000007a6e80000)
  to   space 272384K, 0% used [0x00000007ae280000,0x00000007ae280000,0x00000007bec80000)
 ParOldGen       total 357376K, used 322404K [0x0000000723e00000, 0x0000000739b00000, 0x000000078bf80000)
  object space 357376K, 90% used [0x0000000723e00000,0x00000007378d93a0,0x0000000739b00000)
 Metaspace       used 43307K, capacity 44368K, committed 44672K, reserved 1089536K
  class space    used 4845K, capacity 5176K, committed 5248K, reserved 1048576K

