# JRE version: Java(TM) SE Runtime Environment (8.0_161-b12) (build 1.8.0_161-b12)
# Java VM: Java HotSpot(TM) 64-Bit Server VM (25.161-b12 mixed mode linux-amd64 compressed oops)
Heap:
 PSYoungGen      total 559104K, used 472749K [0x0000000670800000, 0x0000000695400000, 0x00000007c0000000)
  eden space 516096K, 91% used [0x0000000670800000,0x000000068d5ab7a0,0x0000000690000000)
  from space 43008K, 0% used [0x0000000692a00000,0x0000000692a00000,0x0000000695400000)
  to   space 43008K, 0% used [0x0000000690000000,0x0000000690000000,0x0000000692a00000)
 ParOldGen       total 417280K, used 17033K [0x00000003d1800000, 0x00000003eaf80000, 0x0000000670800000)
  object space 417280K, 4% used [0x00000003d1800000,0x00000003d28a2508,0x00000003eaf80000)
 Metaspace       used 27354K, capacity 28160K, committed 28416K, reserved 1075200K
  class space    used 3172K, capacity 3491K, committed 3584K, reserved 1048576K
GC Heap History (6 events):
Event: 1.686 GC heap before
{Heap before GC invocations=1 (full 0):
 PSYoungGen      total 301056K, used 258048K [0x0000000670800000, 0x0000000685800000, 0x00000007c0000000)
  eden space 258048K, 100% used [0x0000000670800000,0x0000000680400000,0x0000000680400000)
  from space 43008K, 0% used [0x0000000682e00000,0x0000000682e00000,0x0000000685800000)
  to   space 43008K, 0% used [0x0000000680400000,0x0000000680400000,0x0000000682e00000)
 ParOldGen       total 688128K, used 0K [0x00000003d1800000, 0x00000003fb800000, 0x0000000670800000)
  object space 688128K, 0% used [0x00000003d1800000,0x00000003d1800000,0x00000003fb800000)
 Metaspace       used 18444K, capacity 18946K, committed 19072K, reserved 1067008K
  class space    used 2151K, capacity 2342K, committed 2432K, reserved 1048576K
Event: 1.709 GC heap after
Heap after GC invocations=1 (full 0):
 PSYoungGen      total 301056K, used 24177K [0x0000000670800000, 0x0000000695400000, 0x00000007c0000000)
  eden space 258048K, 0% used [0x0000000670800000,0x0000000670800000,0x0000000680400000)
  from space 43008K, 56% used [0x0000000680400000,0x0000000681b9c640,0x0000000682e00000)
  to   space 43008K, 0% used [0x0000000692a00000,0x0000000692a00000,0x0000000695400000)
 ParOldGen       total 688128K, used 24K [0x00000003d1800000, 0x00000003fb800000, 0x0000000670800000)
  object space 688128K, 0% used [0x00000003d1800000,0x00000003d1806000,0x00000003fb800000)
 Metaspace       used 18444K, capacity 18946K, committed 19072K, reserved 1067008K
  class space    used 2151K, capacity 2342K, committed 2432K, reserved 1048576K
}
Event: 2.531 GC heap before
{Heap before GC invocations=2 (full 0):
 PSYoungGen      total 301056K, used 175175K [0x0000000670800000, 0x0000000695400000, 0x00000007c0000000)
  eden space 258048K, 58% used [0x0000000670800000,0x0000000679b75618,0x0000000680400000)
  from space 43008K, 56% used [0x0000000680400000,0x0000000681b9c640,0x0000000682e00000)
  to   space 43008K, 0% used [0x0000000692a00000,0x0000000692a00000,0x0000000695400000)
 ParOldGen       total 688128K, used 24K [0x00000003d1800000, 0x00000003fb800000, 0x0000000670800000)
  object space 688128K, 0% used [0x00000003d1800000,0x00000003d1806000,0x00000003fb800000)
 Metaspace       used 20566K, capacity 21140K, committed 21296K, reserved 1069056K
  class space    used 2383K, capacity 2597K, committed 2688K, reserved 1048576K
Event: 2.551 GC heap after
Heap after GC invocations=2 (full 0):
 PSYoungGen      total 559104K, used 17311K [0x0000000670800000, 0x0000000695400000, 0x00000007c0000000)
  eden space 516096K, 0% used [0x0000000670800000,0x0000000670800000,0x0000000690000000)
  from space 43008K, 40% used [0x0000000692a00000,0x0000000693ae7d50,0x0000000695400000)
  to   space 43008K, 0% used [0x0000000690000000,0x0000000690000000,0x0000000692a00000)
 ParOldGen       total 688128K, used 32K [0x00000003d1800000, 0x00000003fb800000, 0x0000000670800000)
  object space 688128K, 0% used [0x00000003d1800000,0x00000003d1808000,0x00000003fb800000)
 Metaspace       used 20566K, capacity 21140K, committed 21296K, reserved 1069056K
  class space    used 2383K, capacity 2597K, committed 2688K, reserved 1048576K
}
Event: 2.551 GC heap before
{Heap before GC invocations=3 (full 1):
 PSYoungGen      total 559104K, used 17311K [0x0000000670800000, 0x0000000695400000, 0x00000007c0000000)
  eden space 516096K, 0% used [0x0000000670800000,0x0000000670800000,0x0000000690000000)
  from space 43008K, 40% used [0x0000000692a00000,0x0000000693ae7d50,0x0000000695400000)
  to   space 43008K, 0% used [0x0000000690000000,0x0000000690000000,0x0000000692a00000)
 ParOldGen       total 688128K, used 32K [0x00000003d1800000, 0x00000003fb800000, 0x0000000670800000)
  object space 688128K, 0% used [0x00000003d1800000,0x00000003d1808000,0x00000003fb800000)
 Metaspace       used 20566K, capacity 21140K, committed 21296K, reserved 1069056K
  class space    used 2383K, capacity 2597K, committed 2688K, reserved 1048576K
Event: 2.604 GC heap after
Heap after GC invocations=3 (full 1):
 PSYoungGen      total 559104K, used 0K [0x0000000670800000, 0x0000000695400000, 0x00000007c0000000)
  eden space 516096K, 0% used [0x0000000670800000,0x0000000670800000,0x0000000690000000)
  from space 43008K, 0% used [0x0000000692a00000,0x0000000692a00000,0x0000000695400000)
  to   space 43008K, 0% used [0x0000000690000000,0x0000000690000000,0x0000000692a00000)
 ParOldGen       total 417280K, used 17033K [0x00000003d1800000, 0x00000003eaf80000, 0x0000000670800000)
  object space 417280K, 4% used [0x00000003d1800000,0x00000003d28a2508,0x00000003eaf80000)
 Metaspace       used 20566K, capacity 21140K, committed 21296K, reserved 1069056K
  class space    used 2383K, capacity 2597K, committed 2688K, reserved 1048576K
}

